<?xml version="1.0" encoding="UTF-8"?>
<testng-results skipped="0" failed="0" ignored="2" total="3" passed="1">
  <reporter-output>
  </reporter-output>
  <suite name="Default suite" duration-ms="16479" started-at="2020-01-12T09:19:22 CST" finished-at="2020-01-12T09:19:38 CST">
    <groups>
    </groups>
    <test name="Default test" duration-ms="16479" started-at="2020-01-12T09:19:22 CST" finished-at="2020-01-12T09:19:38 CST">
      <class name="com.nopCommerceAutomation.testcases.LoginPageTest">
        <test-method status="PASS" signature="setUp()[pri:0, instance:com.nopCommerceAutomation.testcases.LoginPageTest@6895a785]" name="setUp" is-config="true" duration-ms="12521" started-at="2020-01-12T09:19:22 CST" finished-at="2020-01-12T09:19:34 CST">
          <reporter-output>
          </reporter-output>
        </test-method> <!-- setUp -->
        <test-method status="PASS" signature="usergotoLoginPage()[pri:1, instance:com.nopCommerceAutomation.testcases.LoginPageTest@6895a785]" name="usergotoLoginPage" duration-ms="3222" started-at="2020-01-12T09:19:34 CST" finished-at="2020-01-12T09:19:38 CST">
          <reporter-output>
          </reporter-output>
        </test-method> <!-- usergotoLoginPage -->
        <test-method status="PASS" signature="tearDown()[pri:0, instance:com.nopCommerceAutomation.testcases.LoginPageTest@6895a785]" name="tearDown" is-config="true" duration-ms="697" started-at="2020-01-12T09:19:38 CST" finished-at="2020-01-12T09:19:38 CST">
          <reporter-output>
          </reporter-output>
        </test-method> <!-- tearDown -->
      </class> <!-- com.nopCommerceAutomation.testcases.LoginPageTest -->
    </test> <!-- Default test -->
  </suite> <!-- Default suite -->
</testng-results>
