<?xml version="1.0" encoding="UTF-8"?>
<!-- Generated by org.testng.reporters.JUnitXMLReporter -->
<testsuite hostname="DESKTOP-ADFSGOQ" ignored="2" name="Default test" tests="1" failures="0" timestamp="2020-01-12T09:19:38 CST" time="16.479" errors="0">
  <testcase name="usergotoLoginPage" time="3.222" classname="com.nopCommerceAutomation.testcases.LoginPageTest"/>
  <testcase name="verifyLoginErrorMessage" time="0.0" classname="com.nopCommerceAutomation.testcases.LoginPageTest">
    <ignored/>
  </testcase> <!-- verifyLoginErrorMessage -->
  <testcase name="validUserLoginTest" time="0.0" classname="com.nopCommerceAutomation.testcases.LoginPageTest">
    <ignored/>
  </testcase> <!-- validUserLoginTest -->
</testsuite> <!-- Default test -->
